<?xml version="1.0" encoding="UTF-8"?>
<!-- Generated by org.testng.reporters.JUnitReportReporter -->
<testsuite skipped="0" hostname="OverDriver" name="com.qa.rest.tests.API_TC02" tests="1" failures="0" timestamp="01 mar 2021 21:45:49 GMT" time="2.711" errors="0">
  <testcase name="chamaCEPInvalido" time="2.711" classname="com.qa.rest.tests.API_TC02"/>
</testsuite> <!-- com.qa.rest.tests.API_TC02 -->
